<?xml version="1.0" encoding="UTF-8"?>
<testng-results skipped="0" failed="0" total="1" passed="1">
  <reporter-output>
  </reporter-output>
  <suite name="Default suite" duration-ms="112279" started-at="2019-10-24T17:19:50Z" finished-at="2019-10-24T17:21:42Z">
    <groups>
      <group name="cucumber">
        <method signature="AbstractTestNGCucumberTests.feature(cucumber.api.testng.CucumberFeatureWrapper)[pri:0, instance:testRunner.TestRunner@3ffc5af1]" name="feature" class="cucumber.api.testng.AbstractTestNGCucumberTests"/>
      </group> <!-- cucumber -->
    </groups>
    <test name="Default test" duration-ms="112279" started-at="2019-10-24T17:19:50Z" finished-at="2019-10-24T17:21:42Z">
      <class name="testRunner.TestRunner">
        <test-method status="PASS" signature="setUpClass()[pri:0, instance:testRunner.TestRunner@3ffc5af1]" name="setUpClass" is-config="true" duration-ms="837" started-at="2019-10-24T19:19:50Z" finished-at="2019-10-24T19:19:51Z">
          <reporter-output>
          </reporter-output>
        </test-method> <!-- setUpClass -->
        <test-method status="PASS" signature="setUp()[pri:0, instance:testRunner.TestRunner@3ffc5af1]" name="setUp" is-config="true" duration-ms="19738" started-at="2019-10-24T19:19:51Z" finished-at="2019-10-24T19:20:10Z">
          <reporter-output>
          </reporter-output>
        </test-method> <!-- setUp -->
        <test-method status="PASS" signature="feature(cucumber.api.testng.CucumberFeatureWrapper)[pri:0, instance:testRunner.TestRunner@3ffc5af1]" name="feature" duration-ms="86677" started-at="2019-10-24T19:20:14Z" description="Runs Cucumber Feature" data-provider="features" finished-at="2019-10-24T19:21:41Z">
          <params>
            <param index="0">
              <value>
                <![CDATA[Mytheresa Technical QA search feature]]>
              </value>
            </param>
          </params>
          <reporter-output>
          </reporter-output>
        </test-method> <!-- feature -->
        <test-method status="PASS" signature="writeExtentReport()[pri:0, instance:testRunner.TestRunner@3ffc5af1]" name="writeExtentReport" is-config="true" duration-ms="83" started-at="2019-10-24T19:21:41Z" finished-at="2019-10-24T19:21:41Z">
          <reporter-output>
          </reporter-output>
        </test-method> <!-- writeExtentReport -->
        <test-method status="PASS" signature="tearDownClass()[pri:0, instance:testRunner.TestRunner@3ffc5af1]" name="tearDownClass" is-config="true" duration-ms="1339" started-at="2019-10-24T19:21:41Z" finished-at="2019-10-24T19:21:42Z">
          <reporter-output>
          </reporter-output>
        </test-method> <!-- tearDownClass -->
      </class> <!-- testRunner.TestRunner -->
    </test> <!-- Default test -->
  </suite> <!-- Default suite -->
</testng-results>
