<?xml version="1.0" encoding="UTF-8"?>
<testng-results skipped="0" failed="0" total="1" passed="1">
  <reporter-output>
  </reporter-output>
  <suite name="Default suite" duration-ms="39271" started-at="2019-10-10T11:57:26Z" finished-at="2019-10-10T11:58:05Z">
    <groups>
      <group name="cucumber">
        <method signature="AbstractTestNGCucumberTests.feature(cucumber.api.testng.CucumberFeatureWrapper)[pri:0, instance:testRunner.TestRunner@3ffc5af1]" name="feature" class="cucumber.api.testng.AbstractTestNGCucumberTests"/>
      </group> <!-- cucumber -->
    </groups>
    <test name="Default test" duration-ms="39271" started-at="2019-10-10T11:57:26Z" finished-at="2019-10-10T11:58:05Z">
      <class name="testRunner.TestRunner">
        <test-method status="PASS" signature="setUpClass()[pri:0, instance:testRunner.TestRunner@3ffc5af1]" name="setUpClass" is-config="true" duration-ms="730" started-at="2019-10-10T17:27:26Z" finished-at="2019-10-10T17:27:26Z">
          <reporter-output>
          </reporter-output>
        </test-method> <!-- setUpClass -->
        <test-method status="PASS" signature="setUp()[pri:0, instance:testRunner.TestRunner@3ffc5af1]" name="setUp" is-config="true" duration-ms="17350" started-at="2019-10-10T17:27:26Z" finished-at="2019-10-10T17:27:44Z">
          <reporter-output>
          </reporter-output>
        </test-method> <!-- setUp -->
        <test-method status="PASS" signature="feature(cucumber.api.testng.CucumberFeatureWrapper)[pri:0, instance:testRunner.TestRunner@3ffc5af1]" name="feature" duration-ms="19546" started-at="2019-10-10T17:27:44Z" description="Runs Cucumber Feature" data-provider="features" finished-at="2019-10-10T17:28:03Z">
          <params>
            <param index="0">
              <value>
                <![CDATA[Mytheresa Technical QA search feature]]>
              </value>
            </param>
          </params>
          <reporter-output>
          </reporter-output>
        </test-method> <!-- feature -->
        <test-method status="PASS" signature="writeExtentReport()[pri:0, instance:testRunner.TestRunner@3ffc5af1]" name="writeExtentReport" is-config="true" duration-ms="63" started-at="2019-10-10T17:28:03Z" finished-at="2019-10-10T17:28:03Z">
          <reporter-output>
          </reporter-output>
        </test-method> <!-- writeExtentReport -->
        <test-method status="PASS" signature="tearDownClass()[pri:0, instance:testRunner.TestRunner@3ffc5af1]" name="tearDownClass" is-config="true" duration-ms="1376" started-at="2019-10-10T17:28:03Z" finished-at="2019-10-10T17:28:05Z">
          <reporter-output>
          </reporter-output>
        </test-method> <!-- tearDownClass -->
      </class> <!-- testRunner.TestRunner -->
    </test> <!-- Default test -->
  </suite> <!-- Default suite -->
</testng-results>
